[debug] [2025-12-29T16:19:22.273Z] ----------------------------------------------------------------------
[debug] [2025-12-29T16:19:22.276Z] Command:       C:\Program Files\nodejs\node.exe C:\Users\IDHAM\AppData\Roaming\npm\node_modules\firebase-tools\lib\bin\firebase.js init
[debug] [2025-12-29T16:19:22.276Z] CLI Version:   15.1.0
[debug] [2025-12-29T16:19:22.276Z] Platform:      win32
[debug] [2025-12-29T16:19:22.276Z] Node Version:  v22.19.0
[debug] [2025-12-29T16:19:22.277Z] Time:          Tue Dec 30 2025 00:19:22 GMT+0800 (Central Indonesia Time)
[debug] [2025-12-29T16:19:22.277Z] ----------------------------------------------------------------------
[debug] 
[debug] [2025-12-29T16:19:22.278Z] >>> [apiv2][query] GET https://firebase-public.firebaseio.com/cli.json [none]
[info] 
     ######## #### ########  ######## ########     ###     ######  ########
     ##        ##  ##     ## ##       ##     ##  ##   ##  ##       ##
     ######    ##  ########  ######   ########  #########  ######  ######
     ##        ##  ##    ##  ##       ##     ## ##     ##       ## ##
     ##       #### ##     ## ######## ########  ##     ##  ######  ########

You're about to initialize a Firebase project in this directory:

  C:\Undiknas\Devops\app-uas

Before we get started, keep in mind:

  * You are currently outside your home directory

[debug] [2025-12-29T16:19:24.068Z] <<< [apiv2][status] GET https://firebase-public.firebaseio.com/cli.json 200
[debug] [2025-12-29T16:19:24.068Z] <<< [apiv2][body] GET https://firebase-public.firebaseio.com/cli.json {"cloudBuildErrorAfter":1594252800000,"cloudBuildWarnAfter":1590019200000,"defaultNode10After":1594252800000,"minVersion":"3.0.5","node8DeploysDisabledAfter":1613390400000,"node8RuntimeDisabledAfter":1615809600000,"node8WarnAfter":1600128000000}
[info] 
=== Project Setup
[info] 
[info] First, let's associate this project directory with a Firebase project.
[info] You can create multiple project aliases by running firebase use --add, 
[info] 
[debug] [2025-12-29T16:19:37.330Z] > command requires scopes: ["email","openid","https://www.googleapis.com/auth/cloudplatformprojects.readonly","https://www.googleapis.com/auth/firebase","https://www.googleapis.com/auth/cloud-platform"]
[debug] [2025-12-29T16:19:37.331Z] > authorizing via signed-in user (idham290701@gmail.com)
[debug] [2025-12-29T16:19:37.332Z] Checked if tokens are valid: false, expires at: 1765890647592
[debug] [2025-12-29T16:19:37.332Z] Checked if tokens are valid: false, expires at: 1765890647592
[debug] [2025-12-29T16:19:37.332Z] > refreshing access token with scopes: []
[debug] [2025-12-29T16:19:37.333Z] >>> [apiv2][query] POST https://www.googleapis.com/oauth2/v3/token [none]
[debug] [2025-12-29T16:19:37.333Z] >>> [apiv2][body] POST https://www.googleapis.com/oauth2/v3/token [omitted]
[debug] [2025-12-29T16:19:37.703Z] <<< [apiv2][status] POST https://www.googleapis.com/oauth2/v3/token 200
[debug] [2025-12-29T16:19:37.703Z] <<< [apiv2][body] POST https://www.googleapis.com/oauth2/v3/token [omitted]
[debug] [2025-12-29T16:19:37.710Z] >>> [apiv2][query] GET https://firebase.googleapis.com/v1beta1/projects pageSize=100
[debug] [2025-12-29T16:19:38.559Z] <<< [apiv2][status] GET https://firebase.googleapis.com/v1beta1/projects 200
[debug] [2025-12-29T16:19:38.559Z] <<< [apiv2][body] GET https://firebase.googleapis.com/v1beta1/projects [omitted]
[info] 
=== Hosting Setup
[debug] [2025-12-29T16:19:42.894Z] Checked if tokens are valid: true, expires at: 1767028776703
[debug] [2025-12-29T16:19:42.895Z] Checked if tokens are valid: true, expires at: 1767028776703
[debug] [2025-12-29T16:19:42.895Z] >>> [apiv2][query] GET https://firebase.googleapis.com/v1beta1/projects/app-uas-1fa33 [none]
[debug] [2025-12-29T16:19:43.342Z] <<< [apiv2][status] GET https://firebase.googleapis.com/v1beta1/projects/app-uas-1fa33 200
[debug] [2025-12-29T16:19:43.342Z] <<< [apiv2][body] GET https://firebase.googleapis.com/v1beta1/projects/app-uas-1fa33 {"projectId":"app-uas-1fa33","projectNumber":"879469660390","displayName":"app-uas","name":"projects/app-uas-1fa33","resources":{"hostingSite":"app-uas-1fa33"},"state":"ACTIVE","etag":"1_6ff14461-875a-438c-beec-6615fa95537f"}
[info] 
[info] Your public directory is the folder (relative to your project directory) that
[info] will contain Hosting assets to be uploaded with firebase deploy. If you
[info] have a build process for your assets, use your build's output directory.
[info] 
[debug] [2025-12-29T16:19:56.587Z] ExitPromptError: User force closed the prompt with SIGINT
    at Interface.sigint (C:\Users\IDHAM\AppData\Roaming\npm\node_modules\firebase-tools\node_modules\@inquirer\core\dist\commonjs\lib\create-prompt.js:101:37)
    at Interface.emit (node:events:519:28)
    at [_ttyWrite] [as _ttyWrite] (node:internal/readline/interface:1132:18)
    at ReadStream.onkeypress (node:internal/readline/interface:271:20)
    at ReadStream.emit (node:events:531:35)
    at emitKeys (node:internal/readline/utils:370:14)
    at emitKeys.next (<anonymous>)
    at ReadStream.onData (node:internal/readline/emitKeypressEvents:64:36)
    at ReadStream.emit (node:events:519:28)
    at addChunk (node:internal/streams/readable:561:12)
[error] 
[error] Error: An unexpected error has occurred.
